# JRE version: Java(TM) SE Runtime Environment (18.0.1.1+2) (build 18.0.1.1+2-6)
# Java VM: Java HotSpot(TM) 64-Bit Server VM (18.0.1.1+2-6, mixed mode, sharing, tiered, compressed oops, compressed class ptrs, g1 gc, windows-amd64)
GC Precious Log:
 CardTable entry size: 512
 Card Set container configuration: InlinePtr #cards 5 size 8 Array Of Cards #cards 12 size 40 Howl #buckets 4 coarsen threshold 1843 Howl Bitmap #cards 512 size 80 coarsen threshold 460 Card regions per heap region 1 cards per card region 2048
 CPUs: 12 total, 12 available
 Memory: 5996M
 Large Page Support: Disabled
 NUMA Support: Disabled
 Compressed Oops: Enabled (32-bit)
 Heap Region Size: 1M
 Heap Min Capacity: 8M
 Heap Initial Capacity: 94M
 Heap Max Capacity: 1500M
 Pre-touch: Disabled
 Parallel Workers: 10
 Concurrent Workers: 3
 Concurrent Refinement Workers: 10
 Periodic GC: Disabled
Heap:
 garbage-first heap   total 123904K, used 27370K [0x00000000a2400000, 0x0000000100000000)
  region size 1024K, 6 young (6144K), 5 survivors (5120K)
 Metaspace       used 35829K, committed 36544K, reserved 1114112K
  class space    used 4525K, committed 4864K, reserved 1048576K
GC Heap History (12 events):
Event: 2.578 GC heap before
{Heap before GC invocations=0 (full 0):
 garbage-first heap   total 96256K, used 27648K [0x00000000a2400000, 0x0000000100000000)
  region size 1024K, 23 young (23552K), 0 survivors (0K)
 Metaspace       used 6574K, committed 6784K, reserved 1114112K
  class space    used 647K, committed 768K, reserved 1048576K
}
Event: 2.611 GC heap after
{Heap after GC invocations=1 (full 0):
 garbage-first heap   total 96256K, used 6944K [0x00000000a2400000, 0x0000000100000000)
  region size 1024K, 3 young (3072K), 3 survivors (3072K)
 Metaspace       used 6574K, committed 6784K, reserved 1114112K
  class space    used 647K, committed 768K, reserved 1048576K
}
Event: 5.412 GC heap before
{Heap before GC invocations=1 (full 0):
 garbage-first heap   total 96256K, used 38688K [0x00000000a2400000, 0x0000000100000000)
  region size 1024K, 35 young (35840K), 3 survivors (3072K)
 Metaspace       used 13810K, committed 14080K, reserved 1114112K
  class space    used 1554K, committed 1664K, reserved 1048576K
}
Event: 5.440 GC heap after
{Heap after GC invocations=2 (full 0):
 garbage-first heap   total 96256K, used 10563K [0x00000000a2400000, 0x0000000100000000)
  region size 1024K, 4 young (4096K), 4 survivors (4096K)
 Metaspace       used 13810K, committed 14080K, reserved 1114112K
  class space    used 1554K, committed 1664K, reserved 1048576K
}
Event: 11.640 GC heap before
{Heap before GC invocations=2 (full 0):
 garbage-first heap   total 96256K, used 40259K [0x00000000a2400000, 0x0000000100000000)
  region size 1024K, 30 young (30720K), 4 survivors (4096K)
 Metaspace       used 21270K, committed 21504K, reserved 1114112K
  class space    used 2739K, committed 2880K, reserved 1048576K
}
Event: 11.660 GC heap after
{Heap after GC invocations=3 (full 0):
 garbage-first heap   total 96256K, used 17019K [0x00000000a2400000, 0x0000000100000000)
  region size 1024K, 6 young (6144K), 6 survivors (6144K)
 Metaspace       used 21270K, committed 21504K, reserved 1114112K
  class space    used 2739K, committed 2880K, reserved 1048576K
}
Event: 13.830 GC heap before
{Heap before GC invocations=4 (full 0):
 garbage-first heap   total 61440K, used 49787K [0x00000000a2400000, 0x0000000100000000)
  region size 1024K, 36 young (36864K), 6 survivors (6144K)
 Metaspace       used 26371K, committed 26688K, reserved 1114112K
  class space    used 3498K, committed 3648K, reserved 1048576K
}
Event: 13.864 GC heap after
{Heap after GC invocations=5 (full 0):
 garbage-first heap   total 61440K, used 24074K [0x00000000a2400000, 0x0000000100000000)
  region size 1024K, 5 young (5120K), 5 survivors (5120K)
 Metaspace       used 26371K, committed 26688K, reserved 1114112K
  class space    used 3498K, committed 3648K, reserved 1048576K
}
Event: 13.898 GC heap before
{Heap before GC invocations=5 (full 0):
 garbage-first heap   total 61440K, used 25098K [0x00000000a2400000, 0x0000000100000000)
  region size 1024K, 6 young (6144K), 5 survivors (5120K)
 Metaspace       used 26448K, committed 26752K, reserved 1114112K
  class space    used 3505K, committed 3648K, reserved 1048576K
}
Event: 13.927 GC heap after
{Heap after GC invocations=6 (full 0):
 garbage-first heap   total 61440K, used 23395K [0x00000000a2400000, 0x0000000100000000)
  region size 1024K, 1 young (1024K), 1 survivors (1024K)
 Metaspace       used 26448K, committed 26752K, reserved 1114112K
  class space    used 3505K, committed 3648K, reserved 1048576K
}
Event: 15.736 GC heap before
{Heap before GC invocations=6 (full 0):
 garbage-first heap   total 61440K, used 44899K [0x00000000a2400000, 0x0000000100000000)
  region size 1024K, 23 young (23552K), 1 survivors (1024K)
 Metaspace       used 30976K, committed 31232K, reserved 1114112K
  class space    used 3910K, committed 4032K, reserved 1048576K
}
Event: 15.744 GC heap after
{Heap after GC invocations=7 (full 0):
 garbage-first heap   total 123904K, used 25186K [0x00000000a2400000, 0x0000000100000000)
  region size 1024K, 3 young (3072K), 3 survivors (3072K)
 Metaspace       used 30976K, committed 31232K, reserved 1114112K
  class space    used 3910K, committed 4032K, reserved 1048576K
}

