# JRE version: Java(TM) SE Runtime Environment (18.0.1.1+2) (build 18.0.1.1+2-6)
# Java VM: Java HotSpot(TM) 64-Bit Server VM (18.0.1.1+2-6, mixed mode, sharing, tiered, compressed oops, compressed class ptrs, g1 gc, windows-amd64)
GC Precious Log:
 CardTable entry size: 512
 Card Set container configuration: InlinePtr #cards 5 size 8 Array Of Cards #cards 12 size 40 Howl #buckets 4 coarsen threshold 1843 Howl Bitmap #cards 512 size 80 coarsen threshold 460 Card regions per heap region 1 cards per card region 2048
 CPUs: 12 total, 12 available
 Memory: 5996M
 Large Page Support: Disabled
 NUMA Support: Disabled
 Compressed Oops: Enabled (32-bit)
 Heap Region Size: 1M
 Heap Min Capacity: 8M
 Heap Initial Capacity: 94M
 Heap Max Capacity: 1500M
 Pre-touch: Disabled
 Parallel Workers: 10
 Concurrent Workers: 3
 Concurrent Refinement Workers: 10
 Periodic GC: Disabled
Heap:
 garbage-first heap   total 96256K, used 29148K [0x00000000a2400000, 0x0000000100000000)
  region size 1024K, 8 young (8192K), 5 survivors (5120K)
 Metaspace       used 36517K, committed 37184K, reserved 1114112K
  class space    used 4596K, committed 4928K, reserved 1048576K
GC Heap History (14 events):
Event: 2.406 GC heap before
{Heap before GC invocations=0 (full 0):
 garbage-first heap   total 96256K, used 27648K [0x00000000a2400000, 0x0000000100000000)
  region size 1024K, 23 young (23552K), 0 survivors (0K)
 Metaspace       used 6571K, committed 6720K, reserved 1114112K
  class space    used 647K, committed 768K, reserved 1048576K
}
Event: 2.435 GC heap after
{Heap after GC invocations=1 (full 0):
 garbage-first heap   total 96256K, used 7104K [0x00000000a2400000, 0x0000000100000000)
  region size 1024K, 3 young (3072K), 3 survivors (3072K)
 Metaspace       used 6571K, committed 6720K, reserved 1114112K
  class space    used 647K, committed 768K, reserved 1048576K
}
Event: 5.138 GC heap before
{Heap before GC invocations=1 (full 0):
 garbage-first heap   total 96256K, used 38848K [0x00000000a2400000, 0x0000000100000000)
  region size 1024K, 35 young (35840K), 3 survivors (3072K)
 Metaspace       used 13804K, committed 14016K, reserved 1114112K
  class space    used 1554K, committed 1664K, reserved 1048576K
}
Event: 5.162 GC heap after
{Heap after GC invocations=2 (full 0):
 garbage-first heap   total 96256K, used 10308K [0x00000000a2400000, 0x0000000100000000)
  region size 1024K, 4 young (4096K), 4 survivors (4096K)
 Metaspace       used 13804K, committed 14016K, reserved 1114112K
  class space    used 1554K, committed 1664K, reserved 1048576K
}
Event: 11.576 GC heap before
{Heap before GC invocations=2 (full 0):
 garbage-first heap   total 96256K, used 40004K [0x00000000a2400000, 0x0000000100000000)
  region size 1024K, 30 young (30720K), 4 survivors (4096K)
 Metaspace       used 21288K, committed 21504K, reserved 1114112K
  class space    used 2744K, committed 2880K, reserved 1048576K
}
Event: 11.593 GC heap after
{Heap after GC invocations=3 (full 0):
 garbage-first heap   total 96256K, used 16678K [0x00000000a2400000, 0x0000000100000000)
  region size 1024K, 6 young (6144K), 6 survivors (6144K)
 Metaspace       used 21288K, committed 21504K, reserved 1114112K
  class space    used 2744K, committed 2880K, reserved 1048576K
}
Event: 13.733 GC heap before
{Heap before GC invocations=4 (full 0):
 garbage-first heap   total 61440K, used 49446K [0x00000000a2400000, 0x0000000100000000)
  region size 1024K, 36 young (36864K), 6 survivors (6144K)
 Metaspace       used 26264K, committed 26560K, reserved 1114112K
  class space    used 3497K, committed 3648K, reserved 1048576K
}
Event: 13.889 GC heap after
{Heap after GC invocations=5 (full 0):
 garbage-first heap   total 61440K, used 24101K [0x00000000a2400000, 0x0000000100000000)
  region size 1024K, 5 young (5120K), 5 survivors (5120K)
 Metaspace       used 26264K, committed 26560K, reserved 1114112K
  class space    used 3497K, committed 3648K, reserved 1048576K
}
Event: 13.979 GC heap before
{Heap before GC invocations=5 (full 0):
 garbage-first heap   total 61440K, used 25125K [0x00000000a2400000, 0x0000000100000000)
  region size 1024K, 6 young (6144K), 5 survivors (5120K)
 Metaspace       used 26367K, committed 26624K, reserved 1114112K
  class space    used 3507K, committed 3648K, reserved 1048576K
}
Event: 13.992 GC heap after
{Heap after GC invocations=6 (full 0):
 garbage-first heap   total 61440K, used 23321K [0x00000000a2400000, 0x0000000100000000)
  region size 1024K, 1 young (1024K), 1 survivors (1024K)
 Metaspace       used 26367K, committed 26624K, reserved 1114112K
  class space    used 3507K, committed 3648K, reserved 1048576K
}
Event: 15.731 GC heap before
{Heap before GC invocations=6 (full 0):
 garbage-first heap   total 61440K, used 44825K [0x00000000a2400000, 0x0000000100000000)
  region size 1024K, 23 young (23552K), 1 survivors (1024K)
 Metaspace       used 30948K, committed 31232K, reserved 1114112K
  class space    used 3910K, committed 4032K, reserved 1048576K
}
Event: 15.741 GC heap after
{Heap after GC invocations=7 (full 0):
 garbage-first heap   total 97280K, used 24970K [0x00000000a2400000, 0x0000000100000000)
  region size 1024K, 3 young (3072K), 3 survivors (3072K)
 Metaspace       used 30948K, committed 31232K, reserved 1114112K
  class space    used 3910K, committed 4032K, reserved 1048576K
}
Event: 17.416 GC heap before
{Heap before GC invocations=7 (full 0):
 garbage-first heap   total 97280K, used 52618K [0x00000000a2400000, 0x0000000100000000)
  region size 1024K, 31 young (31744K), 3 survivors (3072K)
 Metaspace       used 35583K, committed 36288K, reserved 1114112K
  class space    used 4502K, committed 4864K, reserved 1048576K
}
Event: 17.432 GC heap after
{Heap after GC invocations=8 (full 0):
 garbage-first heap   total 97280K, used 27100K [0x00000000a2400000, 0x0000000100000000)
  region size 1024K, 5 young (5120K), 5 survivors (5120K)
 Metaspace       used 35583K, committed 36288K, reserved 1114112K
  class space    used 4502K, committed 4864K, reserved 1048576K
}

