# JRE version: Java(TM) SE Runtime Environment (18.0.1.1+2) (build 18.0.1.1+2-6)
# Java VM: Java HotSpot(TM) 64-Bit Server VM (18.0.1.1+2-6, mixed mode, sharing, tiered, compressed oops, compressed class ptrs, g1 gc, windows-amd64)
GC Precious Log:
 CardTable entry size: 512
 Card Set container configuration: InlinePtr #cards 5 size 8 Array Of Cards #cards 12 size 40 Howl #buckets 4 coarsen threshold 1843 Howl Bitmap #cards 512 size 80 coarsen threshold 460 Card regions per heap region 1 cards per card region 2048
 CPUs: 12 total, 12 available
 Memory: 5996M
 Large Page Support: Disabled
 NUMA Support: Disabled
 Compressed Oops: Enabled (32-bit)
 Heap Region Size: 1M
 Heap Min Capacity: 8M
 Heap Initial Capacity: 94M
 Heap Max Capacity: 1500M
 Pre-touch: Disabled
 Parallel Workers: 10
 Concurrent Workers: 3
 Concurrent Refinement Workers: 10
 Periodic GC: Disabled
Heap:
 garbage-first heap   total 122880K, used 51671K [0x00000000a2400000, 0x0000000100000000)
  region size 1024K, 30 young (30720K), 3 survivors (3072K)
 Metaspace       used 35156K, committed 35840K, reserved 1114112K
  class space    used 4449K, committed 4800K, reserved 1048576K
GC Heap History (12 events):
Event: 2.605 GC heap before
{Heap before GC invocations=0 (full 0):
 garbage-first heap   total 96256K, used 27648K [0x00000000a2400000, 0x0000000100000000)
  region size 1024K, 23 young (23552K), 0 survivors (0K)
 Metaspace       used 6482K, committed 6592K, reserved 1114112K
  class space    used 640K, committed 704K, reserved 1048576K
}
Event: 2.638 GC heap after
{Heap after GC invocations=1 (full 0):
 garbage-first heap   total 96256K, used 7168K [0x00000000a2400000, 0x0000000100000000)
  region size 1024K, 3 young (3072K), 3 survivors (3072K)
 Metaspace       used 6482K, committed 6592K, reserved 1114112K
  class space    used 640K, committed 704K, reserved 1048576K
}
Event: 5.183 GC heap before
{Heap before GC invocations=1 (full 0):
 garbage-first heap   total 96256K, used 36864K [0x00000000a2400000, 0x0000000100000000)
  region size 1024K, 32 young (32768K), 3 survivors (3072K)
 Metaspace       used 12901K, committed 13120K, reserved 1114112K
  class space    used 1457K, committed 1536K, reserved 1048576K
}
Event: 5.203 GC heap after
{Heap after GC invocations=2 (full 0):
 garbage-first heap   total 96256K, used 10234K [0x00000000a2400000, 0x0000000100000000)
  region size 1024K, 4 young (4096K), 4 survivors (4096K)
 Metaspace       used 12901K, committed 13120K, reserved 1114112K
  class space    used 1457K, committed 1536K, reserved 1048576K
}
Event: 11.571 GC heap before
{Heap before GC invocations=2 (full 0):
 garbage-first heap   total 96256K, used 44026K [0x00000000a2400000, 0x0000000100000000)
  region size 1024K, 34 young (34816K), 4 survivors (4096K)
 Metaspace       used 21258K, committed 21504K, reserved 1114112K
  class space    used 2740K, committed 2880K, reserved 1048576K
}
Event: 11.675 GC heap after
{Heap after GC invocations=3 (full 0):
 garbage-first heap   total 96256K, used 16898K [0x00000000a2400000, 0x0000000100000000)
  region size 1024K, 6 young (6144K), 6 survivors (6144K)
 Metaspace       used 21258K, committed 21504K, reserved 1114112K
  class space    used 2740K, committed 2880K, reserved 1048576K
}
Event: 15.311 GC heap before
{Heap before GC invocations=4 (full 0):
 garbage-first heap   total 61440K, used 49666K [0x00000000a2400000, 0x0000000100000000)
  region size 1024K, 36 young (36864K), 6 survivors (6144K)
 Metaspace       used 26334K, committed 26624K, reserved 1114112K
  class space    used 3498K, committed 3648K, reserved 1048576K
}
Event: 15.369 GC heap after
{Heap after GC invocations=5 (full 0):
 garbage-first heap   total 61440K, used 24141K [0x00000000a2400000, 0x0000000100000000)
  region size 1024K, 5 young (5120K), 5 survivors (5120K)
 Metaspace       used 26334K, committed 26624K, reserved 1114112K
  class space    used 3498K, committed 3648K, reserved 1048576K
}
Event: 15.393 GC heap before
{Heap before GC invocations=5 (full 0):
 garbage-first heap   total 61440K, used 25165K [0x00000000a2400000, 0x0000000100000000)
  region size 1024K, 6 young (6144K), 5 survivors (5120K)
 Metaspace       used 26417K, committed 26688K, reserved 1114112K
  class space    used 3507K, committed 3648K, reserved 1048576K
}
Event: 15.408 GC heap after
{Heap after GC invocations=6 (full 0):
 garbage-first heap   total 61440K, used 23306K [0x00000000a2400000, 0x0000000100000000)
  region size 1024K, 1 young (1024K), 1 survivors (1024K)
 Metaspace       used 26417K, committed 26688K, reserved 1114112K
  class space    used 3507K, committed 3648K, reserved 1048576K
}
Event: 16.631 GC heap before
{Heap before GC invocations=6 (full 0):
 garbage-first heap   total 61440K, used 44810K [0x00000000a2400000, 0x0000000100000000)
  region size 1024K, 23 young (23552K), 1 survivors (1024K)
 Metaspace       used 31116K, committed 31360K, reserved 1114112K
  class space    used 3916K, committed 4032K, reserved 1048576K
}
Event: 16.648 GC heap after
{Heap after GC invocations=7 (full 0):
 garbage-first heap   total 122880K, used 25047K [0x00000000a2400000, 0x0000000100000000)
  region size 1024K, 3 young (3072K), 3 survivors (3072K)
 Metaspace       used 31116K, committed 31360K, reserved 1114112K
  class space    used 3916K, committed 4032K, reserved 1048576K
}

