# JRE version: Java(TM) SE Runtime Environment (18.0.1.1+2) (build 18.0.1.1+2-6)
# Java VM: Java HotSpot(TM) 64-Bit Server VM (18.0.1.1+2-6, mixed mode, sharing, tiered, compressed oops, compressed class ptrs, g1 gc, windows-amd64)
GC Precious Log:
 CardTable entry size: 512
 Card Set container configuration: InlinePtr #cards 5 size 8 Array Of Cards #cards 12 size 40 Howl #buckets 4 coarsen threshold 1843 Howl Bitmap #cards 512 size 80 coarsen threshold 460 Card regions per heap region 1 cards per card region 2048
 CPUs: 12 total, 12 available
 Memory: 5996M
 Large Page Support: Disabled
 NUMA Support: Disabled
 Compressed Oops: Enabled (32-bit)
 Heap Region Size: 1M
 Heap Min Capacity: 8M
 Heap Initial Capacity: 94M
 Heap Max Capacity: 1500M
 Pre-touch: Disabled
 Parallel Workers: 10
 Concurrent Workers: 3
 Concurrent Refinement Workers: 10
 Periodic GC: Disabled
Heap:
 garbage-first heap   total 134144K, used 27390K [0x00000000a2400000, 0x0000000100000000)
  region size 1024K, 7 young (7168K), 3 survivors (3072K)
 Metaspace       used 31316K, committed 31552K, reserved 1114112K
  class space    used 3924K, committed 4032K, reserved 1048576K
GC Heap History (12 events):
Event: 2.689 GC heap before
{Heap before GC invocations=0 (full 0):
 garbage-first heap   total 96256K, used 27648K [0x00000000a2400000, 0x0000000100000000)
  region size 1024K, 23 young (23552K), 0 survivors (0K)
 Metaspace       used 6547K, committed 6720K, reserved 1114112K
  class space    used 645K, committed 768K, reserved 1048576K
}
Event: 2.725 GC heap after
{Heap after GC invocations=1 (full 0):
 garbage-first heap   total 96256K, used 6944K [0x00000000a2400000, 0x0000000100000000)
  region size 1024K, 3 young (3072K), 3 survivors (3072K)
 Metaspace       used 6547K, committed 6720K, reserved 1114112K
  class space    used 645K, committed 768K, reserved 1048576K
}
Event: 5.308 GC heap before
{Heap before GC invocations=1 (full 0):
 garbage-first heap   total 96256K, used 39712K [0x00000000a2400000, 0x0000000100000000)
  region size 1024K, 35 young (35840K), 3 survivors (3072K)
 Metaspace       used 13269K, committed 13504K, reserved 1114112K
  class space    used 1500K, committed 1600K, reserved 1048576K
}
Event: 5.332 GC heap after
{Heap after GC invocations=2 (full 0):
 garbage-first heap   total 96256K, used 10369K [0x00000000a2400000, 0x0000000100000000)
  region size 1024K, 4 young (4096K), 4 survivors (4096K)
 Metaspace       used 13269K, committed 13504K, reserved 1114112K
  class space    used 1500K, committed 1600K, reserved 1048576K
}
Event: 11.835 GC heap before
{Heap before GC invocations=2 (full 0):
 garbage-first heap   total 96256K, used 43137K [0x00000000a2400000, 0x0000000100000000)
  region size 1024K, 33 young (33792K), 4 survivors (4096K)
 Metaspace       used 21225K, committed 21504K, reserved 1114112K
  class space    used 2739K, committed 2880K, reserved 1048576K
}
Event: 11.855 GC heap after
{Heap after GC invocations=3 (full 0):
 garbage-first heap   total 96256K, used 17004K [0x00000000a2400000, 0x0000000100000000)
  region size 1024K, 6 young (6144K), 6 survivors (6144K)
 Metaspace       used 21225K, committed 21504K, reserved 1114112K
  class space    used 2739K, committed 2880K, reserved 1048576K
}
Event: 16.238 GC heap before
{Heap before GC invocations=4 (full 0):
 garbage-first heap   total 61440K, used 49772K [0x00000000a2400000, 0x0000000100000000)
  region size 1024K, 36 young (36864K), 6 survivors (6144K)
 Metaspace       used 26208K, committed 26432K, reserved 1114112K
  class space    used 3479K, committed 3584K, reserved 1048576K
}
Event: 16.328 GC heap after
{Heap after GC invocations=5 (full 0):
 garbage-first heap   total 61440K, used 24165K [0x00000000a2400000, 0x0000000100000000)
  region size 1024K, 5 young (5120K), 5 survivors (5120K)
 Metaspace       used 26208K, committed 26432K, reserved 1114112K
  class space    used 3479K, committed 3584K, reserved 1048576K
}
Event: 16.389 GC heap before
{Heap before GC invocations=5 (full 0):
 garbage-first heap   total 61440K, used 25189K [0x00000000a2400000, 0x0000000100000000)
  region size 1024K, 6 young (6144K), 5 survivors (5120K)
 Metaspace       used 26305K, committed 26624K, reserved 1114112K
  class space    used 3486K, committed 3648K, reserved 1048576K
}
Event: 16.465 GC heap after
{Heap after GC invocations=6 (full 0):
 garbage-first heap   total 61440K, used 25593K [0x00000000a2400000, 0x0000000100000000)
  region size 1024K, 1 young (1024K), 1 survivors (1024K)
 Metaspace       used 26305K, committed 26624K, reserved 1114112K
  class space    used 3486K, committed 3648K, reserved 1048576K
}
Event: 17.875 GC heap before
{Heap before GC invocations=6 (full 0):
 garbage-first heap   total 61440K, used 46073K [0x00000000a2400000, 0x0000000100000000)
  region size 1024K, 22 young (22528K), 1 survivors (1024K)
 Metaspace       used 30468K, committed 30720K, reserved 1114112K
  class space    used 3870K, committed 3968K, reserved 1048576K
}
Event: 17.887 GC heap after
{Heap after GC invocations=7 (full 0):
 garbage-first heap   total 134144K, used 25342K [0x00000000a2400000, 0x0000000100000000)
  region size 1024K, 3 young (3072K), 3 survivors (3072K)
 Metaspace       used 30468K, committed 30720K, reserved 1114112K
  class space    used 3870K, committed 3968K, reserved 1048576K
}

