# JRE version: Java(TM) SE Runtime Environment (18.0.1.1+2) (build 18.0.1.1+2-6)
# Java VM: Java HotSpot(TM) 64-Bit Server VM (18.0.1.1+2-6, mixed mode, sharing, tiered, compressed oops, compressed class ptrs, g1 gc, windows-amd64)
GC Precious Log:
 CardTable entry size: 512
 Card Set container configuration: InlinePtr #cards 5 size 8 Array Of Cards #cards 12 size 40 Howl #buckets 4 coarsen threshold 1843 Howl Bitmap #cards 512 size 80 coarsen threshold 460 Card regions per heap region 1 cards per card region 2048
 CPUs: 12 total, 12 available
 Memory: 5996M
 Large Page Support: Disabled
 NUMA Support: Disabled
 Compressed Oops: Enabled (32-bit)
 Heap Region Size: 1M
 Heap Min Capacity: 8M
 Heap Initial Capacity: 94M
 Heap Max Capacity: 1500M
 Pre-touch: Disabled
 Parallel Workers: 10
 Concurrent Workers: 3
 Concurrent Refinement Workers: 10
 Periodic GC: Disabled
Heap:
 garbage-first heap   total 93184K, used 33313K [0x00000000a2400000, 0x0000000100000000)
  region size 1024K, 8 young (8192K), 1 survivors (1024K)
 Metaspace       used 37133K, committed 37824K, reserved 1114112K
  class space    used 4695K, committed 5056K, reserved 1048576K
GC Heap History (16 events):
Event: 2.409 GC heap before
{Heap before GC invocations=0 (full 0):
 garbage-first heap   total 96256K, used 27648K [0x00000000a2400000, 0x0000000100000000)
  region size 1024K, 23 young (23552K), 0 survivors (0K)
 Metaspace       used 6483K, committed 6592K, reserved 1114112K
  class space    used 640K, committed 704K, reserved 1048576K
}
Event: 2.440 GC heap after
{Heap after GC invocations=1 (full 0):
 garbage-first heap   total 96256K, used 6890K [0x00000000a2400000, 0x0000000100000000)
  region size 1024K, 3 young (3072K), 3 survivors (3072K)
 Metaspace       used 6483K, committed 6592K, reserved 1114112K
  class space    used 640K, committed 704K, reserved 1048576K
}
Event: 5.039 GC heap before
{Heap before GC invocations=1 (full 0):
 garbage-first heap   total 96256K, used 37610K [0x00000000a2400000, 0x0000000100000000)
  region size 1024K, 33 young (33792K), 3 survivors (3072K)
 Metaspace       used 13249K, committed 13504K, reserved 1114112K
  class space    used 1499K, committed 1600K, reserved 1048576K
}
Event: 5.059 GC heap after
{Heap after GC invocations=2 (full 0):
 garbage-first heap   total 96256K, used 10345K [0x00000000a2400000, 0x0000000100000000)
  region size 1024K, 4 young (4096K), 4 survivors (4096K)
 Metaspace       used 13249K, committed 13504K, reserved 1114112K
  class space    used 1499K, committed 1600K, reserved 1048576K
}
Event: 11.578 GC heap before
{Heap before GC invocations=2 (full 0):
 garbage-first heap   total 96256K, used 43113K [0x00000000a2400000, 0x0000000100000000)
  region size 1024K, 33 young (33792K), 4 survivors (4096K)
 Metaspace       used 21282K, committed 21504K, reserved 1114112K
  class space    used 2740K, committed 2880K, reserved 1048576K
}
Event: 11.596 GC heap after
{Heap after GC invocations=3 (full 0):
 garbage-first heap   total 96256K, used 16989K [0x00000000a2400000, 0x0000000100000000)
  region size 1024K, 6 young (6144K), 6 survivors (6144K)
 Metaspace       used 21282K, committed 21504K, reserved 1114112K
  class space    used 2740K, committed 2880K, reserved 1048576K
}
Event: 13.628 GC heap before
{Heap before GC invocations=4 (full 0):
 garbage-first heap   total 61440K, used 49757K [0x00000000a2400000, 0x0000000100000000)
  region size 1024K, 36 young (36864K), 6 survivors (6144K)
 Metaspace       used 26329K, committed 26624K, reserved 1114112K
  class space    used 3498K, committed 3648K, reserved 1048576K
}
Event: 13.657 GC heap after
{Heap after GC invocations=5 (full 0):
 garbage-first heap   total 61440K, used 24214K [0x00000000a2400000, 0x0000000100000000)
  region size 1024K, 5 young (5120K), 5 survivors (5120K)
 Metaspace       used 26329K, committed 26624K, reserved 1114112K
  class space    used 3498K, committed 3648K, reserved 1048576K
}
Event: 13.719 GC heap before
{Heap before GC invocations=5 (full 0):
 garbage-first heap   total 61440K, used 25238K [0x00000000a2400000, 0x0000000100000000)
  region size 1024K, 6 young (6144K), 5 survivors (5120K)
 Metaspace       used 26433K, committed 26688K, reserved 1114112K
  class space    used 3509K, committed 3648K, reserved 1048576K
}
Event: 13.731 GC heap after
{Heap after GC invocations=6 (full 0):
 garbage-first heap   total 61440K, used 23323K [0x00000000a2400000, 0x0000000100000000)
  region size 1024K, 1 young (1024K), 1 survivors (1024K)
 Metaspace       used 26433K, committed 26688K, reserved 1114112K
  class space    used 3509K, committed 3648K, reserved 1048576K
}
Event: 15.570 GC heap before
{Heap before GC invocations=6 (full 0):
 garbage-first heap   total 61440K, used 44827K [0x00000000a2400000, 0x0000000100000000)
  region size 1024K, 23 young (23552K), 1 survivors (1024K)
 Metaspace       used 31121K, committed 31424K, reserved 1114112K
  class space    used 3917K, committed 4032K, reserved 1048576K
}
Event: 15.577 GC heap after
{Heap after GC invocations=7 (full 0):
 garbage-first heap   total 61440K, used 25132K [0x00000000a2400000, 0x0000000100000000)
  region size 1024K, 3 young (3072K), 3 survivors (3072K)
 Metaspace       used 31121K, committed 31424K, reserved 1114112K
  class space    used 3917K, committed 4032K, reserved 1048576K
}
Event: 16.672 GC heap before
{Heap before GC invocations=7 (full 0):
 garbage-first heap   total 61440K, used 46636K [0x00000000a2400000, 0x0000000100000000)
  region size 1024K, 24 young (24576K), 3 survivors (3072K)
 Metaspace       used 34224K, committed 34944K, reserved 1114112K
  class space    used 4329K, committed 4672K, reserved 1048576K
}
Event: 16.684 GC heap after
{Heap after GC invocations=8 (full 0):
 garbage-first heap   total 61440K, used 26850K [0x00000000a2400000, 0x0000000100000000)
  region size 1024K, 2 young (2048K), 2 survivors (2048K)
 Metaspace       used 34224K, committed 34944K, reserved 1114112K
  class space    used 4329K, committed 4672K, reserved 1048576K
}
Event: 17.010 GC heap before
{Heap before GC invocations=8 (full 0):
 garbage-first heap   total 61440K, used 31970K [0x00000000a2400000, 0x0000000100000000)
  region size 1024K, 8 young (8192K), 2 survivors (2048K)
 Metaspace       used 35303K, committed 35968K, reserved 1114112K
  class space    used 4465K, committed 4800K, reserved 1048576K
}
Event: 17.022 GC heap after
{Heap after GC invocations=9 (full 0):
 garbage-first heap   total 93184K, used 27169K [0x00000000a2400000, 0x0000000100000000)
  region size 1024K, 1 young (1024K), 1 survivors (1024K)
 Metaspace       used 35303K, committed 35968K, reserved 1114112K
  class space    used 4465K, committed 4800K, reserved 1048576K
}

