# JRE version: Java(TM) SE Runtime Environment (18.0.1.1+2) (build 18.0.1.1+2-6)
# Java VM: Java HotSpot(TM) 64-Bit Server VM (18.0.1.1+2-6, mixed mode, sharing, tiered, compressed oops, compressed class ptrs, g1 gc, windows-amd64)
GC Precious Log:
 CardTable entry size: 512
 Card Set container configuration: InlinePtr #cards 5 size 8 Array Of Cards #cards 12 size 40 Howl #buckets 4 coarsen threshold 1843 Howl Bitmap #cards 512 size 80 coarsen threshold 460 Card regions per heap region 1 cards per card region 2048
 CPUs: 12 total, 12 available
 Memory: 5996M
 Large Page Support: Disabled
 NUMA Support: Disabled
 Compressed Oops: Enabled (32-bit)
 Heap Region Size: 1M
 Heap Min Capacity: 8M
 Heap Initial Capacity: 94M
 Heap Max Capacity: 1500M
 Pre-touch: Disabled
 Parallel Workers: 10
 Concurrent Workers: 3
 Concurrent Refinement Workers: 10
 Periodic GC: Disabled
Heap:
 garbage-first heap   total 61440K, used 33255K [0x00000000a2400000, 0x0000000100000000)
  region size 1024K, 9 young (9216K), 2 survivors (2048K)
 Metaspace       used 35035K, committed 35712K, reserved 1114112K
  class space    used 4440K, committed 4800K, reserved 1048576K
GC Heap History (14 events):
Event: 2.581 GC heap before
{Heap before GC invocations=0 (full 0):
 garbage-first heap   total 96256K, used 27648K [0x00000000a2400000, 0x0000000100000000)
  region size 1024K, 23 young (23552K), 0 survivors (0K)
 Metaspace       used 6479K, committed 6592K, reserved 1114112K
  class space    used 638K, committed 704K, reserved 1048576K
}
Event: 2.596 GC heap after
{Heap after GC invocations=1 (full 0):
 garbage-first heap   total 96256K, used 6890K [0x00000000a2400000, 0x0000000100000000)
  region size 1024K, 3 young (3072K), 3 survivors (3072K)
 Metaspace       used 6479K, committed 6592K, reserved 1114112K
  class space    used 638K, committed 704K, reserved 1048576K
}
Event: 5.256 GC heap before
{Heap before GC invocations=1 (full 0):
 garbage-first heap   total 96256K, used 38634K [0x00000000a2400000, 0x0000000100000000)
  region size 1024K, 34 young (34816K), 3 survivors (3072K)
 Metaspace       used 13451K, committed 13632K, reserved 1114112K
  class space    used 1536K, committed 1600K, reserved 1048576K
}
Event: 5.283 GC heap after
{Heap after GC invocations=2 (full 0):
 garbage-first heap   total 96256K, used 10511K [0x00000000a2400000, 0x0000000100000000)
  region size 1024K, 4 young (4096K), 4 survivors (4096K)
 Metaspace       used 13451K, committed 13632K, reserved 1114112K
  class space    used 1536K, committed 1600K, reserved 1048576K
}
Event: 11.707 GC heap before
{Heap before GC invocations=2 (full 0):
 garbage-first heap   total 96256K, used 42255K [0x00000000a2400000, 0x0000000100000000)
  region size 1024K, 32 young (32768K), 4 survivors (4096K)
 Metaspace       used 21279K, committed 21504K, reserved 1114112K
  class space    used 2758K, committed 2880K, reserved 1048576K
}
Event: 11.789 GC heap after
{Heap after GC invocations=3 (full 0):
 garbage-first heap   total 96256K, used 17175K [0x00000000a2400000, 0x0000000100000000)
  region size 1024K, 6 young (6144K), 6 survivors (6144K)
 Metaspace       used 21279K, committed 21504K, reserved 1114112K
  class space    used 2758K, committed 2880K, reserved 1048576K
}
Event: 13.909 GC heap before
{Heap before GC invocations=4 (full 0):
 garbage-first heap   total 61440K, used 49943K [0x00000000a2400000, 0x0000000100000000)
  region size 1024K, 36 young (36864K), 6 survivors (6144K)
 Metaspace       used 26091K, committed 26368K, reserved 1114112K
  class space    used 3484K, committed 3648K, reserved 1048576K
}
Event: 14.148 GC heap after
{Heap after GC invocations=5 (full 0):
 garbage-first heap   total 61440K, used 24346K [0x00000000a2400000, 0x0000000100000000)
  region size 1024K, 5 young (5120K), 5 survivors (5120K)
 Metaspace       used 26091K, committed 26368K, reserved 1114112K
  class space    used 3484K, committed 3648K, reserved 1048576K
}
Event: 14.223 GC heap before
{Heap before GC invocations=5 (full 0):
 garbage-first heap   total 61440K, used 25370K [0x00000000a2400000, 0x0000000100000000)
  region size 1024K, 6 young (6144K), 5 survivors (5120K)
 Metaspace       used 26207K, committed 26496K, reserved 1114112K
  class space    used 3493K, committed 3648K, reserved 1048576K
}
Event: 14.234 GC heap after
{Heap after GC invocations=6 (full 0):
 garbage-first heap   total 61440K, used 23416K [0x00000000a2400000, 0x0000000100000000)
  region size 1024K, 1 young (1024K), 1 survivors (1024K)
 Metaspace       used 26207K, committed 26496K, reserved 1114112K
  class space    used 3493K, committed 3648K, reserved 1048576K
}
Event: 15.994 GC heap before
{Heap before GC invocations=6 (full 0):
 garbage-first heap   total 61440K, used 44920K [0x00000000a2400000, 0x0000000100000000)
  region size 1024K, 23 young (23552K), 1 survivors (1024K)
 Metaspace       used 30561K, committed 30848K, reserved 1114112K
  class space    used 3884K, committed 4032K, reserved 1048576K
}
Event: 16.005 GC heap after
{Heap after GC invocations=7 (full 0):
 garbage-first heap   total 61440K, used 24905K [0x00000000a2400000, 0x0000000100000000)
  region size 1024K, 3 young (3072K), 3 survivors (3072K)
 Metaspace       used 30561K, committed 30848K, reserved 1114112K
  class space    used 3884K, committed 4032K, reserved 1048576K
}
Event: 17.492 GC heap before
{Heap before GC invocations=7 (full 0):
 garbage-first heap   total 61440K, used 46409K [0x00000000a2400000, 0x0000000100000000)
  region size 1024K, 24 young (24576K), 3 survivors (3072K)
 Metaspace       used 33868K, committed 34496K, reserved 1114112K
  class space    used 4285K, committed 4608K, reserved 1048576K
}
Event: 17.505 GC heap after
{Heap after GC invocations=8 (full 0):
 garbage-first heap   total 61440K, used 27111K [0x00000000a2400000, 0x0000000100000000)
  region size 1024K, 2 young (2048K), 2 survivors (2048K)
 Metaspace       used 33868K, committed 34496K, reserved 1114112K
  class space    used 4285K, committed 4608K, reserved 1048576K
}

