# JRE version: Java(TM) SE Runtime Environment (18.0.1.1+2) (build 18.0.1.1+2-6)
# Java VM: Java HotSpot(TM) 64-Bit Server VM (18.0.1.1+2-6, mixed mode, sharing, tiered, compressed oops, compressed class ptrs, g1 gc, windows-amd64)
GC Precious Log:
 CardTable entry size: 512
 Card Set container configuration: InlinePtr #cards 5 size 8 Array Of Cards #cards 12 size 40 Howl #buckets 4 coarsen threshold 1843 Howl Bitmap #cards 512 size 80 coarsen threshold 460 Card regions per heap region 1 cards per card region 2048
 CPUs: 12 total, 12 available
 Memory: 5996M
 Large Page Support: Disabled
 NUMA Support: Disabled
 Compressed Oops: Enabled (32-bit)
 Heap Region Size: 1M
 Heap Min Capacity: 8M
 Heap Initial Capacity: 94M
 Heap Max Capacity: 1500M
 Pre-touch: Disabled
 Parallel Workers: 10
 Concurrent Workers: 3
 Concurrent Refinement Workers: 10
 Periodic GC: Disabled
Heap:
 garbage-first heap   total 109568K, used 32504K [0x00000000a2400000, 0x0000000100000000)
  region size 1024K, 11 young (11264K), 3 survivors (3072K)
 Metaspace       used 31666K, committed 31936K, reserved 1114112K
  class space    used 3945K, committed 4096K, reserved 1048576K
GC Heap History (12 events):
Event: 2.696 GC heap before
{Heap before GC invocations=0 (full 0):
 garbage-first heap   total 96256K, used 27648K [0x00000000a2400000, 0x0000000100000000)
  region size 1024K, 23 young (23552K), 0 survivors (0K)
 Metaspace       used 6553K, committed 6720K, reserved 1114112K
  class space    used 645K, committed 768K, reserved 1048576K
}
Event: 2.743 GC heap after
{Heap after GC invocations=1 (full 0):
 garbage-first heap   total 96256K, used 6944K [0x00000000a2400000, 0x0000000100000000)
  region size 1024K, 3 young (3072K), 3 survivors (3072K)
 Metaspace       used 6553K, committed 6720K, reserved 1114112K
  class space    used 645K, committed 768K, reserved 1048576K
}
Event: 5.342 GC heap before
{Heap before GC invocations=1 (full 0):
 garbage-first heap   total 96256K, used 38688K [0x00000000a2400000, 0x0000000100000000)
  region size 1024K, 34 young (34816K), 3 survivors (3072K)
 Metaspace       used 13453K, committed 13696K, reserved 1114112K
  class space    used 1527K, committed 1600K, reserved 1048576K
}
Event: 5.364 GC heap after
{Heap after GC invocations=2 (full 0):
 garbage-first heap   total 96256K, used 10330K [0x00000000a2400000, 0x0000000100000000)
  region size 1024K, 4 young (4096K), 4 survivors (4096K)
 Metaspace       used 13453K, committed 13696K, reserved 1114112K
  class space    used 1527K, committed 1600K, reserved 1048576K
}
Event: 11.923 GC heap before
{Heap before GC invocations=2 (full 0):
 garbage-first heap   total 96256K, used 42074K [0x00000000a2400000, 0x0000000100000000)
  region size 1024K, 32 young (32768K), 4 survivors (4096K)
 Metaspace       used 21232K, committed 21504K, reserved 1114112K
  class space    used 2739K, committed 2880K, reserved 1048576K
}
Event: 11.942 GC heap after
{Heap after GC invocations=3 (full 0):
 garbage-first heap   total 96256K, used 16962K [0x00000000a2400000, 0x0000000100000000)
  region size 1024K, 6 young (6144K), 6 survivors (6144K)
 Metaspace       used 21232K, committed 21504K, reserved 1114112K
  class space    used 2739K, committed 2880K, reserved 1048576K
}
Event: 15.889 GC heap before
{Heap before GC invocations=4 (full 0):
 garbage-first heap   total 61440K, used 49730K [0x00000000a2400000, 0x0000000100000000)
  region size 1024K, 36 young (36864K), 6 survivors (6144K)
 Metaspace       used 25813K, committed 26048K, reserved 1114112K
  class space    used 3415K, committed 3520K, reserved 1048576K
}
Event: 15.937 GC heap after
{Heap after GC invocations=5 (full 0):
 garbage-first heap   total 61440K, used 24196K [0x00000000a2400000, 0x0000000100000000)
  region size 1024K, 5 young (5120K), 5 survivors (5120K)
 Metaspace       used 25813K, committed 26048K, reserved 1114112K
  class space    used 3415K, committed 3520K, reserved 1048576K
}
Event: 16.055 GC heap before
{Heap before GC invocations=5 (full 0):
 garbage-first heap   total 61440K, used 25220K [0x00000000a2400000, 0x0000000100000000)
  region size 1024K, 6 young (6144K), 5 survivors (5120K)
 Metaspace       used 26131K, committed 26368K, reserved 1114112K
  class space    used 3461K, committed 3584K, reserved 1048576K
}
Event: 16.069 GC heap after
{Heap after GC invocations=6 (full 0):
 garbage-first heap   total 61440K, used 25433K [0x00000000a2400000, 0x0000000100000000)
  region size 1024K, 1 young (1024K), 1 survivors (1024K)
 Metaspace       used 26131K, committed 26368K, reserved 1114112K
  class space    used 3461K, committed 3584K, reserved 1048576K
}
Event: 17.632 GC heap before
{Heap before GC invocations=6 (full 0):
 garbage-first heap   total 61440K, used 45913K [0x00000000a2400000, 0x0000000100000000)
  region size 1024K, 22 young (22528K), 1 survivors (1024K)
 Metaspace       used 29894K, committed 30208K, reserved 1114112K
  class space    used 3832K, committed 3968K, reserved 1048576K
}
Event: 17.645 GC heap after
{Heap after GC invocations=7 (full 0):
 garbage-first heap   total 109568K, used 25336K [0x00000000a2400000, 0x0000000100000000)
  region size 1024K, 3 young (3072K), 3 survivors (3072K)
 Metaspace       used 29894K, committed 30208K, reserved 1114112K
  class space    used 3832K, committed 3968K, reserved 1048576K
}

