# JRE version: Java(TM) SE Runtime Environment (18.0.1.1+2) (build 18.0.1.1+2-6)
# Java VM: Java HotSpot(TM) 64-Bit Server VM (18.0.1.1+2-6, mixed mode, sharing, tiered, compressed oops, compressed class ptrs, g1 gc, windows-amd64)
GC Precious Log:
 CardTable entry size: 512
 Card Set container configuration: InlinePtr #cards 5 size 8 Array Of Cards #cards 12 size 40 Howl #buckets 4 coarsen threshold 1843 Howl Bitmap #cards 512 size 80 coarsen threshold 460 Card regions per heap region 1 cards per card region 2048
 CPUs: 12 total, 12 available
 Memory: 5996M
 Large Page Support: Disabled
 NUMA Support: Disabled
 Compressed Oops: Enabled (32-bit)
 Heap Region Size: 1M
 Heap Min Capacity: 8M
 Heap Initial Capacity: 94M
 Heap Max Capacity: 1500M
 Pre-touch: Disabled
 Parallel Workers: 10
 Concurrent Workers: 3
 Concurrent Refinement Workers: 10
 Periodic GC: Disabled
Heap:
 garbage-first heap   total 75776K, used 40376K [0x00000000a2400000, 0x0000000100000000)
  region size 1024K, 15 young (15360K), 2 survivors (2048K)
 Metaspace       used 35043K, committed 35712K, reserved 1114112K
  class space    used 4435K, committed 4800K, reserved 1048576K
GC Heap History (14 events):
Event: 2.514 GC heap before
{Heap before GC invocations=0 (full 0):
 garbage-first heap   total 96256K, used 27648K [0x00000000a2400000, 0x0000000100000000)
  region size 1024K, 23 young (23552K), 0 survivors (0K)
 Metaspace       used 6550K, committed 6720K, reserved 1114112K
  class space    used 645K, committed 768K, reserved 1048576K
}
Event: 2.548 GC heap after
{Heap after GC invocations=1 (full 0):
 garbage-first heap   total 96256K, used 7104K [0x00000000a2400000, 0x0000000100000000)
  region size 1024K, 3 young (3072K), 3 survivors (3072K)
 Metaspace       used 6550K, committed 6720K, reserved 1114112K
  class space    used 645K, committed 768K, reserved 1048576K
}
Event: 5.315 GC heap before
{Heap before GC invocations=1 (full 0):
 garbage-first heap   total 96256K, used 38848K [0x00000000a2400000, 0x0000000100000000)
  region size 1024K, 35 young (35840K), 3 survivors (3072K)
 Metaspace       used 13700K, committed 13952K, reserved 1114112K
  class space    used 1546K, committed 1664K, reserved 1048576K
}
Event: 5.325 GC heap after
{Heap after GC invocations=2 (full 0):
 garbage-first heap   total 96256K, used 10287K [0x00000000a2400000, 0x0000000100000000)
  region size 1024K, 4 young (4096K), 4 survivors (4096K)
 Metaspace       used 13700K, committed 13952K, reserved 1114112K
  class space    used 1546K, committed 1664K, reserved 1048576K
}
Event: 11.548 GC heap before
{Heap before GC invocations=2 (full 0):
 garbage-first heap   total 96256K, used 41007K [0x00000000a2400000, 0x0000000100000000)
  region size 1024K, 31 young (31744K), 4 survivors (4096K)
 Metaspace       used 21300K, committed 21504K, reserved 1114112K
  class space    used 2749K, committed 2880K, reserved 1048576K
}
Event: 11.567 GC heap after
{Heap after GC invocations=3 (full 0):
 garbage-first heap   total 96256K, used 16656K [0x00000000a2400000, 0x0000000100000000)
  region size 1024K, 6 young (6144K), 6 survivors (6144K)
 Metaspace       used 21300K, committed 21504K, reserved 1114112K
  class space    used 2749K, committed 2880K, reserved 1048576K
}
Event: 14.226 GC heap before
{Heap before GC invocations=4 (full 0):
 garbage-first heap   total 61440K, used 49424K [0x00000000a2400000, 0x0000000100000000)
  region size 1024K, 36 young (36864K), 6 survivors (6144K)
 Metaspace       used 25574K, committed 25792K, reserved 1114112K
  class space    used 3415K, committed 3520K, reserved 1048576K
}
Event: 14.378 GC heap after
{Heap after GC invocations=5 (full 0):
 garbage-first heap   total 61440K, used 24209K [0x00000000a2400000, 0x0000000100000000)
  region size 1024K, 5 young (5120K), 5 survivors (5120K)
 Metaspace       used 25574K, committed 25792K, reserved 1114112K
  class space    used 3415K, committed 3520K, reserved 1048576K
}
Event: 14.779 GC heap before
{Heap before GC invocations=5 (full 0):
 garbage-first heap   total 61440K, used 25233K [0x00000000a2400000, 0x0000000100000000)
  region size 1024K, 6 young (6144K), 5 survivors (5120K)
 Metaspace       used 25893K, committed 26112K, reserved 1114112K
  class space    used 3460K, committed 3584K, reserved 1048576K
}
Event: 14.790 GC heap after
{Heap after GC invocations=6 (full 0):
 garbage-first heap   total 61440K, used 25566K [0x00000000a2400000, 0x0000000100000000)
  region size 1024K, 1 young (1024K), 1 survivors (1024K)
 Metaspace       used 25893K, committed 26112K, reserved 1114112K
  class space    used 3460K, committed 3584K, reserved 1048576K
}
Event: 16.130 GC heap before
{Heap before GC invocations=6 (full 0):
 garbage-first heap   total 61440K, used 46046K [0x00000000a2400000, 0x0000000100000000)
  region size 1024K, 22 young (22528K), 1 survivors (1024K)
 Metaspace       used 29563K, committed 29824K, reserved 1114112K
  class space    used 3828K, committed 3968K, reserved 1048576K
}
Event: 16.149 GC heap after
{Heap after GC invocations=7 (full 0):
 garbage-first heap   total 61440K, used 26112K [0x00000000a2400000, 0x0000000100000000)
  region size 1024K, 3 young (3072K), 3 survivors (3072K)
 Metaspace       used 29563K, committed 29824K, reserved 1114112K
  class space    used 3828K, committed 3968K, reserved 1048576K
}
Event: 17.401 GC heap before
{Heap before GC invocations=7 (full 0):
 garbage-first heap   total 61440K, used 46592K [0x00000000a2400000, 0x0000000100000000)
  region size 1024K, 23 young (23552K), 3 survivors (3072K)
 Metaspace       used 33154K, committed 33600K, reserved 1114112K
  class space    used 4171K, committed 4416K, reserved 1048576K
}
Event: 17.417 GC heap after
{Heap after GC invocations=8 (full 0):
 garbage-first heap   total 75776K, used 28088K [0x00000000a2400000, 0x0000000100000000)
  region size 1024K, 2 young (2048K), 2 survivors (2048K)
 Metaspace       used 33154K, committed 33600K, reserved 1114112K
  class space    used 4171K, committed 4416K, reserved 1048576K
}

